Arguments: 
  /usr/local/bin/node /usr/local/Cellar/yarn/1.12.3/libexec/bin/yarn.js add react-natigation

PATH: 
  /Library/Frameworks/Python.framework/Versions/3.7/bin:/Library/Frameworks/Python.framework/Versions/3.6/bin:/Library/Frameworks/Python.framework/Versions/2.7/bin:/usr/local/bin:/usr/bin:/bin:/usr/sbin:/sbin:/Library/Frameworks/Python.framework/Versions/3.7/bin:/Library/Frameworks/Python.framework/Versions/3.6/bin:/Library/Frameworks/Python.framework/Versions/2.7/bin

Yarn version: 
  1.12.3

Node version: 
  10.13.0

Platform: 
  darwin x64

Trace: 
  Error: https://registry.yarnpkg.com/react-natigation: Not found
      at Request.params.callback [as _callback] (/usr/local/Cellar/yarn/1.12.3/libexec/lib/cli.js:65894:18)
      at Request.self.callback (/usr/local/Cellar/yarn/1.12.3/libexec/lib/cli.js:129018:22)
      at Request.emit (events.js:182:13)
      at Request.<anonymous> (/usr/local/Cellar/yarn/1.12.3/libexec/lib/cli.js:129990:10)
      at Request.emit (events.js:182:13)
      at IncomingMessage.<anonymous> (/usr/local/Cellar/yarn/1.12.3/libexec/lib/cli.js:129912:12)
      at Object.onceWrapper (events.js:273:13)
      at IncomingMessage.emit (events.js:187:15)
      at endReadableNT (_stream_readable.js:1094:12)
      at process._tickCallback (internal/process/next_tick.js:63:19)

npm manifest: 
  {
    "name": "empty-project-template",
    "main": "node_modules/expo/AppEntry.js",
    "private": true,
    "scripts": {
      "start": "expo start",
      "android": "expo start --android",
      "ios": "expo start --ios",
      "eject": "expo eject"
    },
    "dependencies": {
      "expo": "^31.0.2",
      "react": "16.5.0",
      "react-native": "https://github.com/expo/react-native/archive/sdk-31.0.0.tar.gz"
    },
    "devDependencies": {
      "babel-preset-expo": "^5.0.0"
    }
  }

yarn manifest: 
  No manifest

Lockfile: 
  No lockfile
